<?xml version="1.0" encoding="UTF-8"?>
<!-- Generated by org.testng.reporters.JUnitReportReporter -->
<testsuite hostname="LAPTOP-HFD6VJ2C" failures="0" tests="1" name="Test_Class.POST_TC1" time="7.171" errors="0" timestamp="2023-04-06T07:33:40 IST" skipped="0">
  <testcase classname="Test_Class.POST_TC1" name="orchestrator" time="7.171"/>
  <system-out/>
</testsuite> <!-- Test_Class.POST_TC1 -->
